{"message":"Created folder with id 1.","level":"info"}
{"message":"Created folder with id 2.","level":"info"}
{"message":"Created note with id 1.","level":"info"}
{"message":"Created folder with id 3.","level":"info"}
{"message":"Created note with id 2.","level":"info"}
{"message":"Created folder with id 4.","level":"info"}
{"message":"Created note with id 3.","level":"info"}
{"message":"Created note with id 4.","level":"info"}
{"message":"Created note with id 5.","level":"info"}
{"message":"Created folder with id 5.","level":"info"}
{"message":"Created note with id 6.","level":"info"}
{"message":"Created note with id 7.","level":"info"}
{"message":"Created note with id 8.","level":"info"}
{"message":"Note with id 7 updated.","level":"info"}
{"message":"Note with id 7 deleted.","level":"info"}
{"message":"Note with id 6 deleted.","level":"info"}
{"message":"Note with id 6 not found.","level":"error"}
{"message":"Note with id 1 deleted.","level":"info"}
{"message":"Note with id 1 not found.","level":"error"}
{"message":"Note with id 2 deleted.","level":"info"}
{"message":"Note with id 3 deleted.","level":"info"}
{"message":"Created note with id 9.","level":"info"}
{"message":"Note with id 5 deleted.","level":"info"}
{"message":"Note with id 8 deleted.","level":"info"}
{"message":"Note with id 9 deleted.","level":"info"}
{"message":"Created note with id 10.","level":"info"}
{"message":"Created note with id 11.","level":"info"}
{"message":"Created note with id 12.","level":"info"}
{"message":"Note with id 4 deleted.","level":"info"}
{"message":"Note with id 10 deleted.","level":"info"}
